Base path: 'C:/Program Files/Unity/Hub/Editor/2019.4.1f1/Editor/Data', plugins path 'C:/Program Files/Unity/Hub/Editor/2019.4.1f1/Editor/Data/PlaybackEngines'
Cmd: initializeCompiler
Cmd: preprocessCompute
  insize=6728 outsize=6730 ok=1
Cmd: preprocessCompute
  insize=14388 outsize=14390 ok=1
Cmd: preprocess
  insize=37978 outsize=634 ok=1
Cmd: preprocessCompute
  insize=1944 outsize=1946 ok=1
Cmd: preprocessCompute
  insize=6728 outsize=6730 ok=1
Cmd: preprocessCompute
  insize=14388 outsize=14390 ok=1
Cmd: preprocess
  insize=37978 outsize=634 ok=1
Cmd: preprocessCompute
  insize=1944 outsize=1946 ok=1
Cmd: preprocessCompute
  insize=6542 outsize=6544 ok=1
Cmd: preprocessCompute
  insize=10184 outsize=10186 ok=1
Cmd: preprocess
  insize=37978 outsize=634 ok=1
Cmd: preprocessCompute
  insize=1944 outsize=1946 ok=1
Cmd: preprocessCompute
  insize=7193 outsize=7195 ok=1
Cmd: preprocessCompute
  insize=9227 outsize=9229 ok=1
Cmd: preprocess
  insize=41568 outsize=640 ok=1
Cmd: preprocessCompute
  insize=1977 outsize=1979 ok=1
Cmd: preprocessCompute
  insize=7193 outsize=7195 ok=1
Cmd: preprocessCompute
  insize=9227 outsize=9229 ok=1
Cmd: preprocess
  insize=41568 outsize=640 ok=1
Cmd: preprocessCompute
  insize=1977 outsize=1979 ok=1
Cmd: preprocessCompute
  insize=7193 outsize=7195 ok=1
Cmd: preprocessCompute
  insize=9227 outsize=9229 ok=1
Cmd: preprocess
  insize=41568 outsize=640 ok=1
Cmd: preprocessCompute
  insize=1977 outsize=1979 ok=1
Cmd: preprocessCompute
  insize=7133 outsize=7135 ok=1
Cmd: preprocessCompute
  insize=9122 outsize=9124 ok=1
Cmd: preprocess
  insize=41568 outsize=640 ok=1
Cmd: preprocessCompute
  insize=1977 outsize=1979 ok=1
Cmd: preprocessCompute
  insize=8020 outsize=8022 ok=1
Cmd: preprocessCompute
  insize=8760 outsize=8762 ok=1
Cmd: preprocess
  insize=47631 outsize=638 ok=1
Cmd: preprocessCompute
  insize=1944 outsize=1946 ok=1
Cmd: preprocessCompute
  insize=7739 outsize=7741 ok=1
Cmd: compileComputeKernel
  api=4 insize=7741 outsize=2403 ok=1
Cmd: preprocessCompute
  insize=8760 outsize=8762 ok=1
Cmd: compileComputeKernel
  api=4 insize=8762 outsize=2147 ok=1
Cmd: preprocess
  insize=39797 outsize=637 ok=1
Cmd: preprocessCompute
  insize=1944 outsize=1946 ok=1
Cmd: preprocessCompute
  insize=7739 outsize=7741 ok=1
Cmd: preprocessCompute
  insize=8760 outsize=8762 ok=1
Cmd: preprocess
  insize=39797 outsize=637 ok=1
Cmd: preprocessCompute
  insize=1944 outsize=1946 ok=1
Cmd: preprocessCompute
  insize=7739 outsize=7741 ok=1
Cmd: preprocessCompute
  insize=8760 outsize=8762 ok=1
Cmd: preprocess
  insize=39797 outsize=637 ok=1
Cmd: preprocessCompute
  insize=1944 outsize=1946 ok=1
Cmd: preprocessCompute
  insize=7739 outsize=7741 ok=1
Cmd: preprocessCompute
  insize=8760 outsize=8762 ok=1
Cmd: preprocess
  insize=39797 outsize=637 ok=1
Cmd: preprocessCompute
  insize=1944 outsize=1946 ok=1
Cmd: preprocessCompute
  insize=7739 outsize=7741 ok=1
Cmd: preprocessCompute
  insize=8760 outsize=8762 ok=1
Cmd: preprocess
  insize=39797 outsize=637 ok=1
Cmd: preprocessCompute
  insize=1944 outsize=1946 ok=1
Cmd: preprocessCompute
  insize=7739 outsize=7741 ok=1
Cmd: preprocessCompute
  insize=8760 outsize=8762 ok=1
Cmd: preprocess
  insize=39797 outsize=637 ok=1
Cmd: preprocessCompute
  insize=1944 outsize=1946 ok=1
Cmd: preprocessCompute
  insize=7739 outsize=7741 ok=1
Cmd: preprocessCompute
  insize=8760 outsize=8762 ok=1
Cmd: preprocess
  insize=39797 outsize=637 ok=1
Cmd: preprocessCompute
  insize=1944 outsize=1946 ok=1
Cmd: preprocessCompute
  insize=7739 outsize=7741 ok=1
Cmd: preprocessCompute
  insize=8760 outsize=8762 ok=1
Cmd: preprocess
  insize=39797 outsize=637 ok=1
Cmd: preprocessCompute
  insize=1944 outsize=1946 ok=1
Cmd: preprocessCompute
  insize=7739 outsize=7741 ok=1
Cmd: preprocessCompute
  insize=8760 outsize=8762 ok=1
Cmd: preprocess
  insize=39797 outsize=637 ok=1
Cmd: preprocessCompute
  insize=1944 outsize=1946 ok=1
Cmd: preprocessCompute
  insize=7739 outsize=7741 ok=1
Cmd: preprocessCompute
  insize=8760 outsize=8762 ok=1
Cmd: preprocess
  insize=39797 outsize=637 ok=1
Cmd: preprocessCompute
  insize=1944 outsize=1946 ok=1
Cmd: preprocessCompute
  insize=7739 outsize=7741 ok=1
Cmd: preprocessCompute
  insize=8760 outsize=8762 ok=1
Cmd: preprocess
  insize=39797 outsize=637 ok=1
Cmd: preprocessCompute
  insize=1944 outsize=1946 ok=1
Cmd: preprocessCompute
  insize=7739 outsize=7741 ok=1
Cmd: preprocessCompute
  insize=8760 outsize=8762 ok=1
Cmd: preprocess
  insize=39797 outsize=637 ok=1
Cmd: preprocessCompute
  insize=1944 outsize=1946 ok=1
Cmd: preprocessCompute
  insize=7739 outsize=7741 ok=1
Cmd: preprocessCompute
  insize=8760 outsize=8762 ok=1
Cmd: preprocess
  insize=39797 outsize=637 ok=1
Cmd: preprocessCompute
  insize=1944 outsize=1946 ok=1
Cmd: preprocessCompute
  insize=7739 outsize=7741 ok=1
Cmd: preprocessCompute
  insize=8760 outsize=8762 ok=1
Cmd: preprocess
  insize=39797 outsize=637 ok=1
Cmd: preprocessCompute
  insize=1944 outsize=1946 ok=1
Cmd: preprocessCompute
  insize=7739 outsize=7741 ok=1
Cmd: preprocessCompute
  insize=8760 outsize=8762 ok=1
Cmd: preprocess
  insize=39797 outsize=637 ok=1
Cmd: preprocessCompute
  insize=1944 outsize=1946 ok=1
Cmd: preprocessCompute
  insize=7133 outsize=7135 ok=1
Cmd: preprocessCompute
  insize=9122 outsize=9124 ok=1
Cmd: preprocess
  insize=41568 outsize=640 ok=1
Cmd: preprocessCompute
  insize=1977 outsize=1979 ok=1
Cmd: preprocessCompute
  insize=6542 outsize=6544 ok=1
Cmd: preprocessCompute
  insize=10184 outsize=10186 ok=1
Cmd: preprocess
  insize=37978 outsize=634 ok=1
Cmd: preprocessCompute
  insize=1944 outsize=1946 ok=1
Cmd: preprocessCompute
  insize=7133 outsize=7135 ok=1
Cmd: preprocessCompute
  insize=9122 outsize=9124 ok=1
Cmd: preprocess
  insize=41568 outsize=640 ok=1
Cmd: preprocessCompute
  insize=1977 outsize=1979 ok=1
Cmd: preprocessCompute
  insize=7739 outsize=7741 ok=1
Cmd: preprocessCompute
  insize=8760 outsize=8762 ok=1
Cmd: preprocess
  insize=39797 outsize=637 ok=1
Cmd: preprocessCompute
  insize=1944 outsize=1946 ok=1
Cmd: preprocessCompute
  insize=6542 outsize=6544 ok=1
Cmd: preprocessCompute
  insize=10184 outsize=10186 ok=1
Cmd: preprocess
  insize=37978 outsize=634 ok=1
Cmd: preprocessCompute
  insize=1944 outsize=1946 ok=1
Cmd: preprocessCompute
  insize=7739 outsize=7741 ok=1
Cmd: preprocessCompute
  insize=8760 outsize=8762 ok=1
Cmd: preprocess
  insize=39797 outsize=637 ok=1
Cmd: preprocessCompute
  insize=1944 outsize=1946 ok=1
Cmd: preprocessCompute
  insize=7739 outsize=7741 ok=1
Cmd: preprocessCompute
  insize=8760 outsize=8762 ok=1
Cmd: preprocess
  insize=39797 outsize=637 ok=1
Cmd: preprocessCompute
  insize=1944 outsize=1946 ok=1
Cmd: preprocessCompute
  insize=7739 outsize=7741 ok=1
Cmd: preprocessCompute
  insize=8760 outsize=8762 ok=1
Cmd: preprocess
  insize=39797 outsize=637 ok=1
Cmd: preprocessCompute
  insize=1944 outsize=1946 ok=1
Cmd: preprocessCompute
  insize=7739 outsize=7741 ok=1
Cmd: preprocessCompute
  insize=8760 outsize=8762 ok=1
Cmd: preprocess
  insize=39797 outsize=637 ok=1
Cmd: preprocessCompute
  insize=1944 outsize=1946 ok=1
Cmd: preprocessCompute
  insize=7739 outsize=7741 ok=1
Cmd: preprocessCompute
  insize=8760 outsize=8762 ok=1
Cmd: preprocess
  insize=39797 outsize=637 ok=1
Cmd: preprocessCompute
  insize=1944 outsize=1946 ok=1
Cmd: preprocessCompute
  insize=7739 outsize=7741 ok=1
Cmd: preprocessCompute
  insize=8760 outsize=8762 ok=1
Cmd: preprocess
  insize=39797 outsize=637 ok=1
Cmd: preprocessCompute
  insize=1944 outsize=1946 ok=1
Cmd: preprocessCompute
  insize=7739 outsize=7741 ok=1
Cmd: preprocessCompute
  insize=8760 outsize=8762 ok=1
Cmd: preprocess
  insize=39797 outsize=637 ok=1
Cmd: preprocessCompute
  insize=1944 outsize=1946 ok=1
Cmd: preprocessCompute
  insize=7739 outsize=7741 ok=1
Cmd: preprocessCompute
  insize=8760 outsize=8762 ok=1
Cmd: preprocess
  insize=39797 outsize=637 ok=1
Cmd: preprocessCompute
  insize=1944 outsize=1946 ok=1
Cmd: preprocessCompute
  insize=7739 outsize=7741 ok=1
Cmd: preprocessCompute
  insize=8760 outsize=8762 ok=1
Cmd: preprocess
  insize=39797 outsize=637 ok=1
Cmd: preprocessCompute
  insize=1944 outsize=1946 ok=1
Cmd: preprocessCompute
  insize=7739 outsize=7741 ok=1
Cmd: preprocessCompute
  insize=8760 outsize=8762 ok=1
Cmd: preprocess
  insize=39797 outsize=637 ok=1
Cmd: preprocessCompute
  insize=1944 outsize=1946 ok=1
Cmd: preprocessCompute
  insize=7739 outsize=7741 ok=1
Cmd: preprocessCompute
  insize=8760 outsize=8762 ok=1
Cmd: preprocess
  insize=39797 outsize=637 ok=1
Cmd: preprocessCompute
  insize=1944 outsize=1946 ok=1
Cmd: preprocessCompute
  insize=7739 outsize=7741 ok=1
Cmd: preprocessCompute
  insize=8760 outsize=8762 ok=1
Cmd: preprocess
  insize=39797 outsize=637 ok=1
Cmd: preprocessCompute
  insize=1944 outsize=1946 ok=1
Cmd: preprocessCompute
  insize=7739 outsize=7741 ok=1
Cmd: preprocessCompute
  insize=8760 outsize=8762 ok=1
Cmd: preprocess
  insize=39797 outsize=637 ok=1
Cmd: preprocessCompute
  insize=1944 outsize=1946 ok=1
Cmd: preprocessCompute
  insize=7739 outsize=7741 ok=1
Cmd: preprocessCompute
  insize=8760 outsize=8762 ok=1
Cmd: preprocess
  insize=39797 outsize=637 ok=1
Cmd: preprocessCompute
  insize=1944 outsize=1946 ok=1
Cmd: preprocessCompute
  insize=7739 outsize=7741 ok=1
Cmd: preprocessCompute
  insize=8760 outsize=8762 ok=1
Cmd: preprocess
  insize=39797 outsize=637 ok=1
Cmd: preprocessCompute
  insize=1944 outsize=1946 ok=1
Cmd: preprocessCompute
  insize=7739 outsize=7741 ok=1
Cmd: preprocessCompute
  insize=8760 outsize=8762 ok=1
Cmd: preprocess
  insize=39797 outsize=637 ok=1
Cmd: preprocessCompute
  insize=1944 outsize=1946 ok=1
Cmd: preprocessCompute
  insize=7739 outsize=7741 ok=1
Cmd: preprocessCompute
  insize=8760 outsize=8762 ok=1
Cmd: preprocess
  insize=39797 outsize=637 ok=1
Cmd: preprocessCompute
  insize=1944 outsize=1946 ok=1
Cmd: preprocessCompute
  insize=7739 outsize=7741 ok=1
Cmd: preprocessCompute
  insize=8760 outsize=8762 ok=1
Cmd: preprocess
  insize=39797 outsize=637 ok=1
Cmd: preprocessCompute
  insize=1944 outsize=1946 ok=1
Cmd: preprocessCompute
  insize=7739 outsize=7741 ok=1
Cmd: preprocessCompute
  insize=8760 outsize=8762 ok=1
Cmd: preprocess
  insize=39797 outsize=637 ok=1
Cmd: preprocessCompute
  insize=1944 outsize=1946 ok=1
Cmd: preprocessCompute
  insize=7739 outsize=7741 ok=1
Cmd: preprocessCompute
  insize=8760 outsize=8762 ok=1
Cmd: preprocess
  insize=39797 outsize=637 ok=1
Cmd: preprocessCompute
  insize=1944 outsize=1946 ok=1
Cmd: preprocessCompute
  insize=7739 outsize=7741 ok=1
Cmd: preprocessCompute
  insize=8760 outsize=8762 ok=1
Cmd: preprocess
  insize=39797 outsize=637 ok=1
Cmd: preprocessCompute
  insize=1944 outsize=1946 ok=1
Cmd: preprocessCompute
  insize=7739 outsize=7741 ok=1
Cmd: preprocessCompute
  insize=8760 outsize=8762 ok=1
Cmd: preprocess
  insize=39797 outsize=637 ok=1
Cmd: preprocessCompute
  insize=1944 outsize=1946 ok=1
Cmd: preprocessCompute
  insize=7739 outsize=7741 ok=1
Cmd: preprocessCompute
  insize=8760 outsize=8762 ok=1
Cmd: preprocess
  insize=39797 outsize=637 ok=1
Cmd: preprocessCompute
  insize=1944 outsize=1946 ok=1
Cmd: preprocessCompute
  insize=7739 outsize=7741 ok=1
Cmd: preprocessCompute
  insize=8760 outsize=8762 ok=1
Cmd: preprocess
  insize=39797 outsize=637 ok=1
Cmd: preprocessCompute
  insize=1944 outsize=1946 ok=1
Cmd: preprocessCompute
  insize=7739 outsize=7741 ok=1
Cmd: preprocessCompute
  insize=8760 outsize=8762 ok=1
Cmd: preprocess
  insize=39797 outsize=637 ok=1
Cmd: preprocessCompute
  insize=1944 outsize=1946 ok=1
Cmd: preprocessCompute
  insize=7739 outsize=7741 ok=1
Cmd: preprocessCompute
  insize=8760 outsize=8762 ok=1
Cmd: preprocess
  insize=39797 outsize=637 ok=1
Cmd: preprocessCompute
  insize=1944 outsize=1946 ok=1
Cmd: preprocessCompute
  insize=7739 outsize=7741 ok=1
Cmd: preprocessCompute
  insize=8760 outsize=8762 ok=1
Cmd: preprocess
  insize=39797 outsize=637 ok=1
Cmd: preprocessCompute
  insize=1944 outsize=1946 ok=1
Cmd: preprocessCompute
  insize=7739 outsize=7741 ok=1
Cmd: preprocessCompute
  insize=8760 outsize=8762 ok=1
Cmd: preprocess
  insize=39797 outsize=637 ok=1
Cmd: preprocessCompute
  insize=1944 outsize=1946 ok=1
Cmd: preprocessCompute
  insize=7739 outsize=7741 ok=1
Cmd: preprocessCompute
  insize=8760 outsize=8762 ok=1
Cmd: preprocess
  insize=39797 outsize=637 ok=1
Cmd: preprocessCompute
  insize=1944 outsize=1946 ok=1
Cmd: preprocessCompute
  insize=7739 outsize=7741 ok=1
Cmd: preprocessCompute
  insize=8760 outsize=8762 ok=1
Cmd: preprocess
  insize=39797 outsize=637 ok=1
Cmd: preprocessCompute
  insize=1944 outsize=1946 ok=1
Cmd: preprocessCompute
  insize=7739 outsize=7741 ok=1
Cmd: preprocessCompute
  insize=8760 outsize=8762 ok=1
Cmd: preprocess
  insize=39797 outsize=637 ok=1
Cmd: preprocessCompute
  insize=1944 outsize=1946 ok=1
Cmd: preprocessCompute
  insize=7739 outsize=7741 ok=1
Cmd: preprocessCompute
  insize=8760 outsize=8762 ok=1
Cmd: preprocess
  insize=39797 outsize=637 ok=1
Cmd: preprocessCompute
  insize=1944 outsize=1946 ok=1
Cmd: preprocessCompute
  insize=7739 outsize=7741 ok=1
Cmd: preprocessCompute
  insize=8760 outsize=8762 ok=1
Cmd: preprocess
  insize=39797 outsize=637 ok=1
Cmd: preprocessCompute
  insize=1944 outsize=1946 ok=1
Cmd: preprocessCompute
  insize=7654 outsize=7656 ok=1
Cmd: compileComputeKernel
  api=4 insize=7656 outsize=1892 ok=1
Cmd: preprocessCompute
  insize=8686 outsize=8688 ok=1
Cmd: compileComputeKernel
  api=4 insize=8688 outsize=1945 ok=1
Cmd: preprocess
  insize=39685 outsize=637 ok=1
Cmd: preprocessCompute
  insize=1944 outsize=1946 ok=1
Cmd: preprocessCompute
  insize=7654 outsize=7656 ok=1
Cmd: preprocessCompute
  insize=8686 outsize=8688 ok=1
Cmd: preprocess
  insize=39685 outsize=637 ok=1
Cmd: preprocessCompute
  insize=1944 outsize=1946 ok=1
Cmd: preprocessCompute
  insize=7654 outsize=7656 ok=1
Cmd: preprocessCompute
  insize=8686 outsize=8688 ok=1
Cmd: preprocess
  insize=39685 outsize=637 ok=1
Cmd: preprocessCompute
  insize=1944 outsize=1946 ok=1
